<?xml version="1.0" encoding="UTF-8"?>
<testsuite xmlns:xsi="http://www.w3.org/2001/XMLSchema-instance" xsi:noNamespaceSchemaLocation="https://maven.apache.org/surefire/maven-surefire-plugin/xsd/surefire-test-report-3.0.xsd" version="3.0" name="com.vinicius.dscatalog.resources.ProductResourceIntegrationTest" time="4.37" tests="3" errors="0" skipped="0" failures="0">
  <properties>
[...]
</properties>
  <testcase name="updateShouldReturnProductDTOWhenIdExists" classname="com.vinicius.dscatalog.resources.ProductResourceIntegrationTest" time="1.216">
    <system-out><![CDATA[2024-02-21T18:34:08.433-03:00  INFO 16460 --- [           main] t.c.s.AnnotationConfigContextLoaderUtils : Could not detect default configuration classes for test class [com.vinicius.dscatalog.resources.ProductResourceIntegrationTest]: ProductResourceIntegrationTest does not declare any static, non-private, non-final, nested classes annotated with @Configuration.
2024-02-21T18:34:08.485-03:00  INFO 16460 --- [           main] .b.t.c.SpringBootTestContextBootstrapper : Found @SpringBootConfiguration com.vinicius.dscatalog.DscatalogApplication for test class com.vinicius.dscatalog.resources.ProductResourceIntegrationTest

  .   ____          _            __ _ _
 /\\ / ___'_ __ _ _(_)_ __  __ _ \ \ \ \
( ( )\___ | '_ | '_| | '_ \/ _` | \ \ \ \
 \\/  ___)| |_)| | | | | || (_| |  ) ) ) )
  '  |____| .__|_| |_|_| |_\__, | / / / /
 =========|_|==============|___/=/_/_/_/
 :: Spring Boot ::                (v3.2.1)

2024-02-21T18:34:08.550-03:00  INFO 16460 --- [           main] c.v.d.r.ProductResourceIntegrationTest   : Starting ProductResourceIntegrationTest using Java 21.0.2 with PID 16460 (started by vinic in C:\Users\vinic\OneDrive\Área de Trabalho\dscatalog\backend)
2024-02-21T18:34:08.550-03:00  INFO 16460 --- [           main] c.v.d.r.ProductResourceIntegrationTest   : The following 1 profile is active: "test"
2024-02-21T18:34:09.130-03:00  INFO 16460 --- [           main] .s.d.r.c.RepositoryConfigurationDelegate : Bootstrapping Spring Data JPA repositories in DEFAULT mode.
2024-02-21T18:34:09.170-03:00  INFO 16460 --- [           main] .s.d.r.c.RepositoryConfigurationDelegate : Finished Spring Data repository scanning in 40 ms. Found 5 JPA repository interfaces.
2024-02-21T18:34:09.468-03:00  INFO 16460 --- [           main] com.zaxxer.hikari.HikariDataSource       : HikariPool-2 - Starting...
2024-02-21T18:34:09.470-03:00  INFO 16460 --- [           main] com.zaxxer.hikari.pool.HikariPool        : HikariPool-2 - Added connection conn18: url=jdbc:h2:mem:testdb user=SA
2024-02-21T18:34:09.471-03:00  INFO 16460 --- [           main] com.zaxxer.hikari.HikariDataSource       : HikariPool-2 - Start completed.
2024-02-21T18:34:09.477-03:00  INFO 16460 --- [           main] o.hibernate.jpa.internal.util.LogHelper  : HHH000204: Processing PersistenceUnitInfo [name: default]
2024-02-21T18:34:09.485-03:00  INFO 16460 --- [           main] o.h.c.internal.RegionFactoryInitiator    : HHH000026: Second-level cache disabled
2024-02-21T18:34:09.499-03:00  INFO 16460 --- [           main] o.s.o.j.p.SpringPersistenceUnitInfo      : No LoadTimeWeaver setup: ignoring JPA class transformer
2024-02-21T18:34:09.757-03:00  INFO 16460 --- [           main] o.h.e.t.j.p.i.JtaPlatformInitiator       : HHH000489: No JTA platform available (set 'hibernate.transaction.jta.platform' to enable JTA platform integration)
Hibernate: 
    drop table if exists tb_category cascade 
Hibernate: 
    drop table if exists tb_password_recover cascade 
Hibernate: 
    drop table if exists tb_product cascade 
Hibernate: 
    drop table if exists tb_product_category cascade 
Hibernate: 
    drop table if exists tb_role cascade 
Hibernate: 
    drop table if exists tb_user cascade 
Hibernate: 
    drop table if exists tb_user_role cascade 
Hibernate: 
    create table tb_category (
        created_at TIMESTAMP WITHOUT TIME ZONE,
        id bigint generated by default as identity,
        update_at TIMESTAMP WITHOUT TIME ZONE,
        name varchar(255),
        primary key (id)
    )
Hibernate: 
    create table tb_password_recover (
        expiration timestamp(6) with time zone,
        id bigint generated by default as identity,
        email varchar(255),
        token varchar(255),
        primary key (id)
    )
Hibernate: 
    create table tb_product (
        price float(53),
        date TIMESTAMP WITHOUT TIME ZONE,
        id bigint generated by default as identity,
        update_at TIMESTAMP WITHOUT TIME ZONE,
        description TEXT,
        img_url varchar(255),
        name varchar(255),
        primary key (id)
    )
Hibernate: 
    create table tb_product_category (
        category_id bigint not null,
        product_id bigint not null,
        primary key (category_id, product_id)
    )
Hibernate: 
    create table tb_role (
        id bigint generated by default as identity,
        authority varchar(255),
        primary key (id)
    )
Hibernate: 
    create table tb_user (
        id bigint generated by default as identity,
        email varchar(255) unique,
        first_name varchar(255),
        last_name varchar(255),
        password varchar(255),
        primary key (id)
    )
Hibernate: 
    create table tb_user_role (
        role_id bigint not null,
        user_id bigint not null,
        primary key (role_id, user_id)
    )
Hibernate: 
    alter table if exists tb_product_category 
       add constraint FK5r4sbavb4nkd9xpl0f095qs2a 
       foreign key (category_id) 
       references tb_category
Hibernate: 
    alter table if exists tb_product_category 
       add constraint FKgbof0jclmaf8wn2alsoexxq3u 
       foreign key (product_id) 
       references tb_product
Hibernate: 
    alter table if exists tb_user_role 
       add constraint FKea2ootw6b6bb0xt3ptl28bymv 
       foreign key (role_id) 
       references tb_role
Hibernate: 
    alter table if exists tb_user_role 
       add constraint FK7vn3h53d0tqdimm8cp45gc0kl 
       foreign key (user_id) 
       references tb_user
Hibernate: INSERT INTO tb_category (name, created_At) VALUES ('Livros', NOW())
Hibernate: INSERT INTO tb_category (name, created_At) VALUES ('Eletrônicos', NOW())
Hibernate: INSERT INTO tb_category (name, created_At) VALUES ('Computadores', NOW())
Hibernate: INSERT INTO tb_product (name, price, date, description, img_url) VALUES ('The Lord of the Rings', 90.5, TIMESTAMP WITH TIME ZONE '2020-07-13T20:50:07.12345Z', 'Lorem ipsum dolor sit amet, consectetur adipiscing elit, sed do eiusmod tempor incididunt ut labore et dolore magna aliqua. Ut enim ad minim veniam, quis nostrud exercitation ullamco laboris nisi ut aliquip ex ea commodo consequat. Duis aute irure dolor in reprehenderit in voluptate velit esse cillum dolore eu fugiat nulla pariatur. Excepteur sint occaecat cupidatat non proident, sunt in culpa qui officia deserunt mollit anim id est laborum.', 'https://raw.githubusercontent.com/devsuperior/dscatalog-resources/master/backend/img/1-big.jpg')
Hibernate: INSERT INTO tb_product (name, price, date, description, img_url) VALUES ('Smart TV', 2190.0, TIMESTAMP WITH TIME ZONE '2020-07-14T10:00:00Z', 'Lorem ipsum dolor sit amet, consectetur adipiscing elit, sed do eiusmod tempor incididunt ut labore et dolore magna aliqua. Ut enim ad minim veniam, quis nostrud exercitation ullamco laboris nisi ut aliquip ex ea commodo consequat. Duis aute irure dolor in reprehenderit in voluptate velit esse cillum dolore eu fugiat nulla pariatur. Excepteur sint occaecat cupidatat non proident, sunt in culpa qui officia deserunt mollit anim id est laborum.', 'https://raw.githubusercontent.com/devsuperior/dscatalog-resources/master/backend/img/2-big.jpg')
Hibernate: INSERT INTO tb_product (name, price, date, description, img_url) VALUES ('Macbook Pro', 1250.0, TIMESTAMP WITH TIME ZONE '2020-07-14T10:00:00Z', 'Lorem ipsum dolor sit amet, consectetur adipiscing elit, sed do eiusmod tempor incididunt ut labore et dolore magna aliqua. Ut enim ad minim veniam, quis nostrud exercitation ullamco laboris nisi ut aliquip ex ea commodo consequat. Duis aute irure dolor in reprehenderit in voluptate velit esse cillum dolore eu fugiat nulla pariatur. Excepteur sint occaecat cupidatat non proident, sunt in culpa qui officia deserunt mollit anim id est laborum.', 'https://raw.githubusercontent.com/devsuperior/dscatalog-resources/master/backend/img/3-big.jpg')
Hibernate: INSERT INTO tb_product (name, price, date, description, img_url) VALUES ('PC Gamer', 1200.0, TIMESTAMP WITH TIME ZONE '2020-07-14T10:00:00Z', 'Lorem ipsum dolor sit amet, consectetur adipiscing elit, sed do eiusmod tempor incididunt ut labore et dolore magna aliqua. Ut enim ad minim veniam, quis nostrud exercitation ullamco laboris nisi ut aliquip ex ea commodo consequat. Duis aute irure dolor in reprehenderit in voluptate velit esse cillum dolore eu fugiat nulla pariatur. Excepteur sint occaecat cupidatat non proident, sunt in culpa qui officia deserunt mollit anim id est laborum.', 'https://raw.githubusercontent.com/devsuperior/dscatalog-resources/master/backend/img/4-big.jpg')
Hibernate: INSERT INTO tb_product (name, price, date, description, img_url) VALUES ('Rails for Dummies', 100.99, TIMESTAMP WITH TIME ZONE '2020-07-14T10:00:00Z', 'Lorem ipsum dolor sit amet, consectetur adipiscing elit, sed do eiusmod tempor incididunt ut labore et dolore magna aliqua. Ut enim ad minim veniam, quis nostrud exercitation ullamco laboris nisi ut aliquip ex ea commodo consequat. Duis aute irure dolor in reprehenderit in voluptate velit esse cillum dolore eu fugiat nulla pariatur. Excepteur sint occaecat cupidatat non proident, sunt in culpa qui officia deserunt mollit anim id est laborum.', 'https://raw.githubusercontent.com/devsuperior/dscatalog-resources/master/backend/img/5-big.jpg')
Hibernate: INSERT INTO tb_product (name, price, date, description, img_url) VALUES ('PC Gamer Ex', 1350.0, TIMESTAMP WITH TIME ZONE '2020-07-14T10:00:00Z', 'Lorem ipsum dolor sit amet, consectetur adipiscing elit, sed do eiusmod tempor incididunt ut labore et dolore magna aliqua. Ut enim ad minim veniam, quis nostrud exercitation ullamco laboris nisi ut aliquip ex ea commodo consequat. Duis aute irure dolor in reprehenderit in voluptate velit esse cillum dolore eu fugiat nulla pariatur. Excepteur sint occaecat cupidatat non proident, sunt in culpa qui officia deserunt mollit anim id est laborum.', 'https://raw.githubusercontent.com/devsuperior/dscatalog-resources/master/backend/img/6-big.jpg')
Hibernate: INSERT INTO tb_product (name, price, date, description, img_url) VALUES ('PC Gamer X', 1350.0, TIMESTAMP WITH TIME ZONE '2020-07-14T10:00:00Z', 'Lorem ipsum dolor sit amet, consectetur adipiscing elit, sed do eiusmod tempor incididunt ut labore et dolore magna aliqua. Ut enim ad minim veniam, quis nostrud exercitation ullamco laboris nisi ut aliquip ex ea commodo consequat. Duis aute irure dolor in reprehenderit in voluptate velit esse cillum dolore eu fugiat nulla pariatur. Excepteur sint occaecat cupidatat non proident, sunt in culpa qui officia deserunt mollit anim id est laborum.', 'https://raw.githubusercontent.com/devsuperior/dscatalog-resources/master/backend/img/7-big.jpg')
Hibernate: INSERT INTO tb_product (name, price, date, description, img_url) VALUES ('PC Gamer Alfa', 1850.0, TIMESTAMP WITH TIME ZONE '2020-07-14T10:00:00Z', 'Lorem ipsum dolor sit amet, consectetur adipiscing elit, sed do eiusmod tempor incididunt ut labore et dolore magna aliqua. Ut enim ad minim veniam, quis nostrud exercitation ullamco laboris nisi ut aliquip ex ea commodo consequat. Duis aute irure dolor in reprehenderit in voluptate velit esse cillum dolore eu fugiat nulla pariatur. Excepteur sint occaecat cupidatat non proident, sunt in culpa qui officia deserunt mollit anim id est laborum.', 'https://raw.githubusercontent.com/devsuperior/dscatalog-resources/master/backend/img/8-big.jpg')
Hibernate: INSERT INTO tb_product (name, price, date, description, img_url) VALUES ('PC Gamer Tera', 1950.0, TIMESTAMP WITH TIME ZONE '2020-07-14T10:00:00Z', 'Lorem ipsum dolor sit amet, consectetur adipiscing elit, sed do eiusmod tempor incididunt ut labore et dolore magna aliqua. Ut enim ad minim veniam, quis nostrud exercitation ullamco laboris nisi ut aliquip ex ea commodo consequat. Duis aute irure dolor in reprehenderit in voluptate velit esse cillum dolore eu fugiat nulla pariatur. Excepteur sint occaecat cupidatat non proident, sunt in culpa qui officia deserunt mollit anim id est laborum.', 'https://raw.githubusercontent.com/devsuperior/dscatalog-resources/master/backend/img/9-big.jpg')
Hibernate: INSERT INTO tb_product (name, price, date, description, img_url) VALUES ('PC Gamer Y', 1700.0, TIMESTAMP WITH TIME ZONE '2020-07-14T10:00:00Z', 'Lorem ipsum dolor sit amet, consectetur adipiscing elit, sed do eiusmod tempor incididunt ut labore et dolore magna aliqua. Ut enim ad minim veniam, quis nostrud exercitation ullamco laboris nisi ut aliquip ex ea commodo consequat. Duis aute irure dolor in reprehenderit in voluptate velit esse cillum dolore eu fugiat nulla pariatur. Excepteur sint occaecat cupidatat non proident, sunt in culpa qui officia deserunt mollit anim id est laborum.', 'https://raw.githubusercontent.com/devsuperior/dscatalog-resources/master/backend/img/10-big.jpg')
Hibernate: INSERT INTO tb_product (name, price, date, description, img_url) VALUES ('PC Gamer Nitro', 1450.0, TIMESTAMP WITH TIME ZONE '2020-07-14T10:00:00Z', 'Lorem ipsum dolor sit amet, consectetur adipiscing elit, sed do eiusmod tempor incididunt ut labore et dolore magna aliqua. Ut enim ad minim veniam, quis nostrud exercitation ullamco laboris nisi ut aliquip ex ea commodo consequat. Duis aute irure dolor in reprehenderit in voluptate velit esse cillum dolore eu fugiat nulla pariatur. Excepteur sint occaecat cupidatat non proident, sunt in culpa qui officia deserunt mollit anim id est laborum.', 'https://raw.githubusercontent.com/devsuperior/dscatalog-resources/master/backend/img/11-big.jpg')
Hibernate: INSERT INTO tb_product (name, price, date, description, img_url) VALUES ('PC Gamer Card', 1850.0, TIMESTAMP WITH TIME ZONE '2020-07-14T10:00:00Z', 'Lorem ipsum dolor sit amet, consectetur adipiscing elit, sed do eiusmod tempor incididunt ut labore et dolore magna aliqua. Ut enim ad minim veniam, quis nostrud exercitation ullamco laboris nisi ut aliquip ex ea commodo consequat. Duis aute irure dolor in reprehenderit in voluptate velit esse cillum dolore eu fugiat nulla pariatur. Excepteur sint occaecat cupidatat non proident, sunt in culpa qui officia deserunt mollit anim id est laborum.', 'https://raw.githubusercontent.com/devsuperior/dscatalog-resources/master/backend/img/12-big.jpg')
Hibernate: INSERT INTO tb_product (name, price, date, description, img_url) VALUES ('PC Gamer Plus', 1350.0, TIMESTAMP WITH TIME ZONE '2020-07-14T10:00:00Z', 'Lorem ipsum dolor sit amet, consectetur adipiscing elit, sed do eiusmod tempor incididunt ut labore et dolore magna aliqua. Ut enim ad minim veniam, quis nostrud exercitation ullamco laboris nisi ut aliquip ex ea commodo consequat. Duis aute irure dolor in reprehenderit in voluptate velit esse cillum dolore eu fugiat nulla pariatur. Excepteur sint occaecat cupidatat non proident, sunt in culpa qui officia deserunt mollit anim id est laborum.', 'https://raw.githubusercontent.com/devsuperior/dscatalog-resources/master/backend/img/13-big.jpg')
Hibernate: INSERT INTO tb_product (name, price, date, description, img_url) VALUES ('PC Gamer Hera', 2250.0, TIMESTAMP WITH TIME ZONE '2020-07-14T10:00:00Z', 'Lorem ipsum dolor sit amet, consectetur adipiscing elit, sed do eiusmod tempor incididunt ut labore et dolore magna aliqua. Ut enim ad minim veniam, quis nostrud exercitation ullamco laboris nisi ut aliquip ex ea commodo consequat. Duis aute irure dolor in reprehenderit in voluptate velit esse cillum dolore eu fugiat nulla pariatur. Excepteur sint occaecat cupidatat non proident, sunt in culpa qui officia deserunt mollit anim id est laborum.', 'https://raw.githubusercontent.com/devsuperior/dscatalog-resources/master/backend/img/14-big.jpg')
Hibernate: INSERT INTO tb_product (name, price, date, description, img_url) VALUES ('PC Gamer Weed', 2200.0, TIMESTAMP WITH TIME ZONE '2020-07-14T10:00:00Z', 'Lorem ipsum dolor sit amet, consectetur adipiscing elit, sed do eiusmod tempor incididunt ut labore et dolore magna aliqua. Ut enim ad minim veniam, quis nostrud exercitation ullamco laboris nisi ut aliquip ex ea commodo consequat. Duis aute irure dolor in reprehenderit in voluptate velit esse cillum dolore eu fugiat nulla pariatur. Excepteur sint occaecat cupidatat non proident, sunt in culpa qui officia deserunt mollit anim id est laborum.', 'https://raw.githubusercontent.com/devsuperior/dscatalog-resources/master/backend/img/15-big.jpg')
Hibernate: INSERT INTO tb_product (name, price, date, description, img_url) VALUES ('PC Gamer Max', 2340.0, TIMESTAMP WITH TIME ZONE '2020-07-14T10:00:00Z', 'Lorem ipsum dolor sit amet, consectetur adipiscing elit, sed do eiusmod tempor incididunt ut labore et dolore magna aliqua. Ut enim ad minim veniam, quis nostrud exercitation ullamco laboris nisi ut aliquip ex ea commodo consequat. Duis aute irure dolor in reprehenderit in voluptate velit esse cillum dolore eu fugiat nulla pariatur. Excepteur sint occaecat cupidatat non proident, sunt in culpa qui officia deserunt mollit anim id est laborum.', 'https://raw.githubusercontent.com/devsuperior/dscatalog-resources/master/backend/img/16-big.jpg')
Hibernate: INSERT INTO tb_product (name, price, date, description, img_url) VALUES ('PC Gamer Turbo', 1280.0, TIMESTAMP WITH TIME ZONE '2020-07-14T10:00:00Z', 'Lorem ipsum dolor sit amet, consectetur adipiscing elit, sed do eiusmod tempor incididunt ut labore et dolore magna aliqua. Ut enim ad minim veniam, quis nostrud exercitation ullamco laboris nisi ut aliquip ex ea commodo consequat. Duis aute irure dolor in reprehenderit in voluptate velit esse cillum dolore eu fugiat nulla pariatur. Excepteur sint occaecat cupidatat non proident, sunt in culpa qui officia deserunt mollit anim id est laborum.', 'https://raw.githubusercontent.com/devsuperior/dscatalog-resources/master/backend/img/17-big.jpg')
Hibernate: INSERT INTO tb_product (name, price, date, description, img_url) VALUES ('PC Gamer Hot', 1450.0, TIMESTAMP WITH TIME ZONE '2020-07-14T10:00:00Z', 'Lorem ipsum dolor sit amet, consectetur adipiscing elit, sed do eiusmod tempor incididunt ut labore et dolore magna aliqua. Ut enim ad minim veniam, quis nostrud exercitation ullamco laboris nisi ut aliquip ex ea commodo consequat. Duis aute irure dolor in reprehenderit in voluptate velit esse cillum dolore eu fugiat nulla pariatur. Excepteur sint occaecat cupidatat non proident, sunt in culpa qui officia deserunt mollit anim id est laborum.', 'https://raw.githubusercontent.com/devsuperior/dscatalog-resources/master/backend/img/18-big.jpg')
Hibernate: INSERT INTO tb_product (name, price, date, description, img_url) VALUES ('PC Gamer Ez', 1750.0, TIMESTAMP WITH TIME ZONE '2020-07-14T10:00:00Z', 'Lorem ipsum dolor sit amet, consectetur adipiscing elit, sed do eiusmod tempor incididunt ut labore et dolore magna aliqua. Ut enim ad minim veniam, quis nostrud exercitation ullamco laboris nisi ut aliquip ex ea commodo consequat. Duis aute irure dolor in reprehenderit in voluptate velit esse cillum dolore eu fugiat nulla pariatur. Excepteur sint occaecat cupidatat non proident, sunt in culpa qui officia deserunt mollit anim id est laborum.', 'https://raw.githubusercontent.com/devsuperior/dscatalog-resources/master/backend/img/19-big.jpg')
Hibernate: INSERT INTO tb_product (name, price, date, description, img_url) VALUES ('PC Gamer Tr', 1650.0, TIMESTAMP WITH TIME ZONE '2020-07-14T10:00:00Z', 'Lorem ipsum dolor sit amet, consectetur adipiscing elit, sed do eiusmod tempor incididunt ut labore et dolore magna aliqua. Ut enim ad minim veniam, quis nostrud exercitation ullamco laboris nisi ut aliquip ex ea commodo consequat. Duis aute irure dolor in reprehenderit in voluptate velit esse cillum dolore eu fugiat nulla pariatur. Excepteur sint occaecat cupidatat non proident, sunt in culpa qui officia deserunt mollit anim id est laborum.', 'https://raw.githubusercontent.com/devsuperior/dscatalog-resources/master/backend/img/20-big.jpg')
Hibernate: INSERT INTO tb_product (name, price, date, description, img_url) VALUES ('PC Gamer Tx', 1680.0, TIMESTAMP WITH TIME ZONE '2020-07-14T10:00:00Z', 'Lorem ipsum dolor sit amet, consectetur adipiscing elit, sed do eiusmod tempor incididunt ut labore et dolore magna aliqua. Ut enim ad minim veniam, quis nostrud exercitation ullamco laboris nisi ut aliquip ex ea commodo consequat. Duis aute irure dolor in reprehenderit in voluptate velit esse cillum dolore eu fugiat nulla pariatur. Excepteur sint occaecat cupidatat non proident, sunt in culpa qui officia deserunt mollit anim id est laborum.', 'https://raw.githubusercontent.com/devsuperior/dscatalog-resources/master/backend/img/21-big.jpg')
Hibernate: INSERT INTO tb_product (name, price, date, description, img_url) VALUES ('PC Gamer Er', 1850.0, TIMESTAMP WITH TIME ZONE '2020-07-14T10:00:00Z', 'Lorem ipsum dolor sit amet, consectetur adipiscing elit, sed do eiusmod tempor incididunt ut labore et dolore magna aliqua. Ut enim ad minim veniam, quis nostrud exercitation ullamco laboris nisi ut aliquip ex ea commodo consequat. Duis aute irure dolor in reprehenderit in voluptate velit esse cillum dolore eu fugiat nulla pariatur. Excepteur sint occaecat cupidatat non proident, sunt in culpa qui officia deserunt mollit anim id est laborum.', 'https://raw.githubusercontent.com/devsuperior/dscatalog-resources/master/backend/img/22-big.jpg')
Hibernate: INSERT INTO tb_product (name, price, date, description, img_url) VALUES ('PC Gamer Min', 2250.0, TIMESTAMP WITH TIME ZONE '2020-07-14T10:00:00Z', 'Lorem ipsum dolor sit amet, consectetur adipiscing elit, sed do eiusmod tempor incididunt ut labore et dolore magna aliqua. Ut enim ad minim veniam, quis nostrud exercitation ullamco laboris nisi ut aliquip ex ea commodo consequat. Duis aute irure dolor in reprehenderit in voluptate velit esse cillum dolore eu fugiat nulla pariatur. Excepteur sint occaecat cupidatat non proident, sunt in culpa qui officia deserunt mollit anim id est laborum.', 'https://raw.githubusercontent.com/devsuperior/dscatalog-resources/master/backend/img/23-big.jpg')
Hibernate: INSERT INTO tb_product (name, price, date, description, img_url) VALUES ('PC Gamer Boo', 2350.0, TIMESTAMP WITH TIME ZONE '2020-07-14T10:00:00Z', 'Lorem ipsum dolor sit amet, consectetur adipiscing elit, sed do eiusmod tempor incididunt ut labore et dolore magna aliqua. Ut enim ad minim veniam, quis nostrud exercitation ullamco laboris nisi ut aliquip ex ea commodo consequat. Duis aute irure dolor in reprehenderit in voluptate velit esse cillum dolore eu fugiat nulla pariatur. Excepteur sint occaecat cupidatat non proident, sunt in culpa qui officia deserunt mollit anim id est laborum.', 'https://raw.githubusercontent.com/devsuperior/dscatalog-resources/master/backend/img/24-big.jpg')
Hibernate: INSERT INTO tb_product (name, price, date, description, img_url) VALUES ('PC Gamer Foo', 4170.0, TIMESTAMP WITH TIME ZONE '2020-07-14T10:00:00Z', 'Lorem ipsum dolor sit amet, consectetur adipiscing elit, sed do eiusmod tempor incididunt ut labore et dolore magna aliqua. Ut enim ad minim veniam, quis nostrud exercitation ullamco laboris nisi ut aliquip ex ea commodo consequat. Duis aute irure dolor in reprehenderit in voluptate velit esse cillum dolore eu fugiat nulla pariatur. Excepteur sint occaecat cupidatat non proident, sunt in culpa qui officia deserunt mollit anim id est laborum.', 'https://raw.githubusercontent.com/devsuperior/dscatalog-resources/master/backend/img/25-big.jpg')
Hibernate: INSERT INTO tb_product_category (product_id, category_id) VALUES (1, 2)
Hibernate: INSERT INTO tb_product_category (product_id, category_id) VALUES (2, 1)
Hibernate: INSERT INTO tb_product_category (product_id, category_id) VALUES (2, 3)
Hibernate: INSERT INTO tb_product_category (product_id, category_id) VALUES (3, 3)
Hibernate: INSERT INTO tb_product_category (product_id, category_id) VALUES (4, 3)
Hibernate: INSERT INTO tb_product_category (product_id, category_id) VALUES (5, 2)
Hibernate: INSERT INTO tb_product_category (product_id, category_id) VALUES (6, 3)
Hibernate: INSERT INTO tb_product_category (product_id, category_id) VALUES (7, 3)
Hibernate: INSERT INTO tb_product_category (product_id, category_id) VALUES (8, 3)
Hibernate: INSERT INTO tb_product_category (product_id, category_id) VALUES (9, 3)
Hibernate: INSERT INTO tb_product_category (product_id, category_id) VALUES (10, 3)
Hibernate: INSERT INTO tb_product_category (product_id, category_id) VALUES (11, 3)
Hibernate: INSERT INTO tb_product_category (product_id, category_id) VALUES (12, 3)
Hibernate: INSERT INTO tb_product_category (product_id, category_id) VALUES (13, 3)
Hibernate: INSERT INTO tb_product_category (product_id, category_id) VALUES (14, 3)
Hibernate: INSERT INTO tb_product_category (product_id, category_id) VALUES (15, 3)
Hibernate: INSERT INTO tb_product_category (product_id, category_id) VALUES (16, 3)
Hibernate: INSERT INTO tb_product_category (product_id, category_id) VALUES (17, 3)
Hibernate: INSERT INTO tb_product_category (product_id, category_id) VALUES (18, 3)
Hibernate: INSERT INTO tb_product_category (product_id, category_id) VALUES (19, 3)
Hibernate: INSERT INTO tb_product_category (product_id, category_id) VALUES (20, 3)
Hibernate: INSERT INTO tb_product_category (product_id, category_id) VALUES (21, 3)
Hibernate: INSERT INTO tb_product_category (product_id, category_id) VALUES (22, 3)
Hibernate: INSERT INTO tb_product_category (product_id, category_id) VALUES (23, 3)
Hibernate: INSERT INTO tb_product_category (product_id, category_id) VALUES (24, 3)
Hibernate: INSERT INTO tb_product_category (product_id, category_id) VALUES (25, 3)
Hibernate: INSERT INTO tb_user (first_name, last_name, email, password) VALUES ('Alex', 'Brown', 'alex@gmail.com', '$2a$10$eACCYoNOHEqXve8aIWT8Nu3PkMXWBaOxJ9aORUYzfMQCbVBIhZ8tG')
Hibernate: INSERT INTO tb_user (first_name, last_name, email, password) VALUES ('Maria', 'Red', 'maria@gmail.com', '$2a$10$eACCYoNOHEqXve8aIWT8Nu3PkMXWBaOxJ9aORUYzfMQCbVBIhZ8tG')
Hibernate: INSERT INTO tb_user (first_name, last_name, email, password) VALUES ('Vinicius', 'Sironi', 'viniciussironi@gmail.com', '$2a$10$eACCYoNOHEqXve8aIWT8Nu3PkMXWBaOxJ9aORUYzfMQCbVBIhZ8tG')
Hibernate: INSERT INTO tb_role (authority) VALUES ('ROLE_OPERATOR')
Hibernate: INSERT INTO tb_role (authority) VALUES ('ROLE_ADMIN')
Hibernate: INSERT INTO tb_user_role (user_id, role_id) VALUES (1, 1)
Hibernate: INSERT INTO tb_user_role (user_id, role_id) VALUES (2, 1)
Hibernate: INSERT INTO tb_user_role (user_id, role_id) VALUES (2, 2)
Hibernate: INSERT INTO tb_user_role (user_id, role_id) VALUES (3, 1)
Hibernate: INSERT INTO tb_user_role (user_id, role_id) VALUES (3, 2)
2024-02-21T18:34:09.948-03:00  INFO 16460 --- [           main] j.LocalContainerEntityManagerFactoryBean : Initialized JPA EntityManagerFactory for persistence unit 'default'
2024-02-21T18:34:10.679-03:00  INFO 16460 --- [           main] o.s.s.web.DefaultSecurityFilterChain     : Will secure org.springframework.security.oauth2.server.authorization.config.annotation.web.configurers.OAuth2AuthorizationServerConfigurer$$Lambda/0x000001faa1a1c030@65db569d with [org.springframework.security.web.session.DisableEncodeUrlFilter@aed9a22, org.springframework.security.web.context.request.async.WebAsyncManagerIntegrationFilter@36f3df94, org.springframework.security.web.context.SecurityContextHolderFilter@3172d9f1, org.springframework.security.oauth2.server.authorization.config.annotation.web.configurers.AuthorizationServerContextFilter@2d08438d, org.springframework.security.web.header.HeaderWriterFilter@69fb22b4, org.springframework.security.web.csrf.CsrfFilter@3e71df15, org.springframework.security.web.authentication.logout.LogoutFilter@71c22227, org.springframework.security.oauth2.server.authorization.web.OAuth2AuthorizationServerMetadataEndpointFilter@af5e4d6, org.springframework.security.oauth2.server.authorization.web.OAuth2AuthorizationEndpointFilter@42fa4908, org.springframework.security.oauth2.server.authorization.web.OAuth2DeviceVerificationEndpointFilter@550eebcb, org.springframework.security.oauth2.server.authorization.web.NimbusJwkSetEndpointFilter@28d28e0d, org.springframework.security.oauth2.server.authorization.web.OAuth2ClientAuthenticationFilter@6ac620b3, org.springframework.security.oauth2.server.resource.web.authentication.BearerTokenAuthenticationFilter@aa0686f, org.springframework.security.web.savedrequest.RequestCacheAwareFilter@14b31bd, org.springframework.security.web.servletapi.SecurityContextHolderAwareRequestFilter@6686a4aa, org.springframework.security.web.authentication.AnonymousAuthenticationFilter@3f193a35, org.springframework.security.web.access.ExceptionTranslationFilter@5296b781, org.springframework.security.web.access.intercept.AuthorizationFilter@7a2c610e, org.springframework.security.oauth2.server.authorization.web.OAuth2TokenEndpointFilter@5bc76448, org.springframework.security.oauth2.server.authorization.web.OAuth2TokenIntrospectionEndpointFilter@5f043b, org.springframework.security.oauth2.server.authorization.web.OAuth2TokenRevocationEndpointFilter@25a993b2, org.springframework.security.oauth2.server.authorization.web.OAuth2DeviceAuthorizationEndpointFilter@350b3c06]
2024-02-21T18:34:10.813-03:00  INFO 16460 --- [           main] o.s.s.web.DefaultSecurityFilterChain     : Will secure org.springframework.boot.autoconfigure.security.servlet.PathRequest$H2ConsoleRequestMatcher@24b42e9e with [org.springframework.security.web.session.DisableEncodeUrlFilter@619ed27, org.springframework.security.web.context.request.async.WebAsyncManagerIntegrationFilter@77eadc56, org.springframework.security.web.context.SecurityContextHolderFilter@4378a083, org.springframework.security.web.header.HeaderWriterFilter@57f648a7, org.springframework.security.web.authentication.logout.LogoutFilter@2620fb31, org.springframework.security.web.savedrequest.RequestCacheAwareFilter@5f2ba7ac, org.springframework.security.web.servletapi.SecurityContextHolderAwareRequestFilter@458ce077, org.springframework.security.web.authentication.AnonymousAuthenticationFilter@563248e9, org.springframework.security.web.access.ExceptionTranslationFilter@26f7995f]
2024-02-21T18:34:10.823-03:00  INFO 16460 --- [           main] o.s.s.web.DefaultSecurityFilterChain     : Will secure any request with [org.springframework.security.web.session.DisableEncodeUrlFilter@1c5ecfb5, org.springframework.security.web.context.request.async.WebAsyncManagerIntegrationFilter@7e286b87, org.springframework.security.web.context.SecurityContextHolderFilter@410d9658, org.springframework.security.web.header.HeaderWriterFilter@5a28a17, org.springframework.web.filter.CorsFilter@314bd2ee, org.springframework.security.web.authentication.logout.LogoutFilter@6e7f1081, org.springframework.security.oauth2.server.resource.web.authentication.BearerTokenAuthenticationFilter@a333d6a, org.springframework.security.web.savedrequest.RequestCacheAwareFilter@4adf6a2, org.springframework.security.web.servletapi.SecurityContextHolderAwareRequestFilter@528e2b86, org.springframework.security.web.authentication.AnonymousAuthenticationFilter@228061c0, org.springframework.security.web.access.ExceptionTranslationFilter@59f1e099, org.springframework.security.web.access.intercept.AuthorizationFilter@267d2a36]
2024-02-21T18:34:10.946-03:00  INFO 16460 --- [           main] o.s.b.a.h2.H2ConsoleAutoConfiguration    : H2 console available at '/h2-console'. Database available at 'jdbc:h2:mem:testdb'
2024-02-21T18:34:11.047-03:00  INFO 16460 --- [           main] o.s.b.t.m.w.SpringBootMockServletContext : Initializing Spring TestDispatcherServlet ''
2024-02-21T18:34:11.047-03:00  INFO 16460 --- [           main] o.s.t.web.servlet.TestDispatcherServlet  : Initializing Servlet ''
2024-02-21T18:34:11.048-03:00  INFO 16460 --- [           main] o.s.t.web.servlet.TestDispatcherServlet  : Completed initialization in 1 ms
2024-02-21T18:34:11.061-03:00  INFO 16460 --- [           main] c.v.d.r.ProductResourceIntegrationTest   : Started ProductResourceIntegrationTest in 2.567 seconds (process running for 42.065)
Hibernate: 
    SELECT
        tb_user.email AS username,
        tb_user.password,
        tb_role.id AS roleId,
        tb_role.authority  
    FROM
        tb_user  
    INNER JOIN
        tb_user_role 
            ON tb_user.id = tb_user_role.user_id  
    INNER JOIN
        tb_role 
            ON tb_role.id = tb_user_role.role_id  
    WHERE
        tb_user.email = ? 
Hibernate: 
    select
        p1_0.id,
        p1_0.date,
        p1_0.description,
        p1_0.img_url,
        p1_0.name,
        p1_0.price,
        p1_0.update_at 
    from
        tb_product p1_0 
    where
        p1_0.id=?
Hibernate: 
    select
        c1_0.product_id,
        c1_1.id,
        c1_1.created_at,
        c1_1.name,
        c1_1.update_at 
    from
        tb_product_category c1_0 
    join
        tb_category c1_1 
            on c1_1.id=c1_0.category_id 
    where
        c1_0.product_id=?
Hibernate: 
    select
        c1_0.id,
        c1_0.created_at,
        c1_0.name,
        c1_0.update_at 
    from
        tb_category c1_0 
    where
        c1_0.id=?
]]></system-out>
  </testcase>
  <testcase name="findAllShouldReturnSortedPageWhenSortByName" classname="com.vinicius.dscatalog.resources.ProductResourceIntegrationTest" time="0.315">
    <system-out><![CDATA[Hibernate: 
    SELECT
        tb_user.email AS username,
        tb_user.password,
        tb_role.id AS roleId,
        tb_role.authority  
    FROM
        tb_user  
    INNER JOIN
        tb_user_role 
            ON tb_user.id = tb_user_role.user_id  
    INNER JOIN
        tb_role 
            ON tb_role.id = tb_user_role.role_id  
    WHERE
        tb_user.email = ? 
Hibernate: 
    SELECT
        * 
    FROM
        ( SELECT
            DISTINCT tb_product.id,
            tb_product.name 
        FROM
            tb_product 
        INNER JOIN
            tb_product_category 
                ON tb_product_category.product_id = tb_product.id 
        WHERE
            (
                (
                    null
                ) IS NULL 
                OR tb_product_category.category_id IN (null)
            ) 
            AND (
                LOWER(tb_product.name) LIKE LOWER(CONCAT('%', ?, '%'))
            ) ) AS tb_result  
    order by
        tb_result.name asc 
    fetch
        first ? rows only
Hibernate: 
    SELECT
        COUNT(*) 
    FROM
        ( SELECT
            DISTINCT tb_product.id,
            tb_product.name 
        FROM
            tb_product 
        INNER JOIN
            tb_product_category 
                ON tb_product_category.product_id = tb_product.id 
        WHERE
            (
                (
                    null
                ) IS NULL 
                OR tb_product_category.category_id IN (null)
            ) 
            AND (
                LOWER(tb_product.name) LIKE LOWER(CONCAT('%', ?, '%'))
            ) ) AS tb_result 
Hibernate: 
    select
        p1_0.id,
        c1_0.product_id,
        c1_1.id,
        c1_1.created_at,
        c1_1.name,
        c1_1.update_at,
        p1_0.date,
        p1_0.description,
        p1_0.img_url,
        p1_0.name,
        p1_0.price,
        p1_0.update_at 
    from
        tb_product p1_0 
    join
        tb_product_category c1_0 
            on p1_0.id=c1_0.product_id 
    join
        tb_category c1_1 
            on c1_1.id=c1_0.category_id 
    where
        p1_0.id in (?, ?, ?, ?, ?, ?, ?, ?, ?, ?, ?, ?)
]]></system-out>
  </testcase>
  <testcase name="updateShouldReturnNotFoundWhenIdDoesNotExist" classname="com.vinicius.dscatalog.resources.ProductResourceIntegrationTest" time="0.173">
    <system-out><![CDATA[Hibernate: 
    SELECT
        tb_user.email AS username,
        tb_user.password,
        tb_role.id AS roleId,
        tb_role.authority  
    FROM
        tb_user  
    INNER JOIN
        tb_user_role 
            ON tb_user.id = tb_user_role.user_id  
    INNER JOIN
        tb_role 
            ON tb_role.id = tb_user_role.role_id  
    WHERE
        tb_user.email = ? 
Hibernate: 
    select
        p1_0.id,
        p1_0.date,
        p1_0.description,
        p1_0.img_url,
        p1_0.name,
        p1_0.price,
        p1_0.update_at 
    from
        tb_product p1_0 
    where
        p1_0.id=?
]]></system-out>
  </testcase>
</testsuite>