<?xml version="1.0" encoding="UTF-8"?>
<testsuite xmlns:xsi="http://www.w3.org/2001/XMLSchema-instance" xsi:noNamespaceSchemaLocation="https://maven.apache.org/surefire/maven-surefire-plugin/xsd/surefire-test-report-3.0.xsd" version="3.0" name="com.vinicius.dscatalog.DscatalogApplicationTests" time="35.622" tests="1" errors="0" skipped="0" failures="0">
  <properties>
[...]
</properties>
  <testcase name="contextLoads" classname="com.vinicius.dscatalog.DscatalogApplicationTests" time="0.888">
    <system-out><![CDATA[18:33:31.249 [main] INFO org.springframework.test.context.support.AnnotationConfigContextLoaderUtils -- Could not detect default configuration classes for test class [com.vinicius.dscatalog.DscatalogApplicationTests]: DscatalogApplicationTests does not declare any static, non-private, non-final, nested classes annotated with @Configuration.
18:33:31.556 [main] INFO org.springframework.boot.test.context.SpringBootTestContextBootstrapper -- Found @SpringBootConfiguration com.vinicius.dscatalog.DscatalogApplication for test class com.vinicius.dscatalog.DscatalogApplicationTests

  .   ____          _            __ _ _
 /\\ / ___'_ __ _ _(_)_ __  __ _ \ \ \ \
( ( )\___ | '_ | '_| | '_ \/ _` | \ \ \ \
 \\/  ___)| |_)| | | | | || (_| |  ) ) ) )
  '  |____| .__|_| |_|_| |_\__, | / / / /
 =========|_|==============|___/=/_/_/_/
 :: Spring Boot ::                (v3.2.1)

2024-02-21T18:33:33.958-03:00  INFO 16460 --- [           main] c.v.dscatalog.DscatalogApplicationTests  : Starting DscatalogApplicationTests using Java 21.0.2 with PID 16460 (started by vinic in C:\Users\vinic\OneDrive\Área de Trabalho\dscatalog\backend)
2024-02-21T18:33:33.966-03:00  INFO 16460 --- [           main] c.v.dscatalog.DscatalogApplicationTests  : The following 1 profile is active: "test"
2024-02-21T18:33:38.798-03:00  INFO 16460 --- [           main] .s.d.r.c.RepositoryConfigurationDelegate : Bootstrapping Spring Data JPA repositories in DEFAULT mode.
2024-02-21T18:33:39.171-03:00  INFO 16460 --- [           main] .s.d.r.c.RepositoryConfigurationDelegate : Finished Spring Data repository scanning in 326 ms. Found 5 JPA repository interfaces.
2024-02-21T18:33:42.019-03:00  INFO 16460 --- [           main] com.zaxxer.hikari.HikariDataSource       : HikariPool-1 - Starting...
2024-02-21T18:33:43.391-03:00  INFO 16460 --- [           main] com.zaxxer.hikari.pool.HikariPool        : HikariPool-1 - Added connection conn0: url=jdbc:h2:mem:testdb user=SA
2024-02-21T18:33:43.408-03:00  INFO 16460 --- [           main] com.zaxxer.hikari.HikariDataSource       : HikariPool-1 - Start completed.
2024-02-21T18:33:43.738-03:00  INFO 16460 --- [           main] o.hibernate.jpa.internal.util.LogHelper  : HHH000204: Processing PersistenceUnitInfo [name: default]
2024-02-21T18:33:44.165-03:00  INFO 16460 --- [           main] org.hibernate.Version                    : HHH000412: Hibernate ORM core version 6.4.1.Final
2024-02-21T18:33:44.429-03:00  INFO 16460 --- [           main] o.h.c.internal.RegionFactoryInitiator    : HHH000026: Second-level cache disabled
2024-02-21T18:33:45.888-03:00  INFO 16460 --- [           main] o.s.o.j.p.SpringPersistenceUnitInfo      : No LoadTimeWeaver setup: ignoring JPA class transformer
2024-02-21T18:33:52.966-03:00  INFO 16460 --- [           main] o.h.e.t.j.p.i.JtaPlatformInitiator       : HHH000489: No JTA platform available (set 'hibernate.transaction.jta.platform' to enable JTA platform integration)
Hibernate: 
    drop table if exists tb_category cascade 
Hibernate: 
    drop table if exists tb_password_recover cascade 
Hibernate: 
    drop table if exists tb_product cascade 
Hibernate: 
    drop table if exists tb_product_category cascade 
Hibernate: 
    drop table if exists tb_role cascade 
Hibernate: 
    drop table if exists tb_user cascade 
Hibernate: 
    drop table if exists tb_user_role cascade 
Hibernate: 
    create table tb_category (
        created_at TIMESTAMP WITHOUT TIME ZONE,
        id bigint generated by default as identity,
        update_at TIMESTAMP WITHOUT TIME ZONE,
        name varchar(255),
        primary key (id)
    )
Hibernate: 
    create table tb_password_recover (
        expiration timestamp(6) with time zone,
        id bigint generated by default as identity,
        email varchar(255),
        token varchar(255),
        primary key (id)
    )
Hibernate: 
    create table tb_product (
        price float(53),
        date TIMESTAMP WITHOUT TIME ZONE,
        id bigint generated by default as identity,
        update_at TIMESTAMP WITHOUT TIME ZONE,
        description TEXT,
        img_url varchar(255),
        name varchar(255),
        primary key (id)
    )
Hibernate: 
    create table tb_product_category (
        category_id bigint not null,
        product_id bigint not null,
        primary key (category_id, product_id)
    )
Hibernate: 
    create table tb_role (
        id bigint generated by default as identity,
        authority varchar(255),
        primary key (id)
    )
Hibernate: 
    create table tb_user (
        id bigint generated by default as identity,
        email varchar(255) unique,
        first_name varchar(255),
        last_name varchar(255),
        password varchar(255),
        primary key (id)
    )
Hibernate: 
    create table tb_user_role (
        role_id bigint not null,
        user_id bigint not null,
        primary key (role_id, user_id)
    )
Hibernate: 
    alter table if exists tb_product_category 
       add constraint FK5r4sbavb4nkd9xpl0f095qs2a 
       foreign key (category_id) 
       references tb_category
Hibernate: 
    alter table if exists tb_product_category 
       add constraint FKgbof0jclmaf8wn2alsoexxq3u 
       foreign key (product_id) 
       references tb_product
Hibernate: 
    alter table if exists tb_user_role 
       add constraint FKea2ootw6b6bb0xt3ptl28bymv 
       foreign key (role_id) 
       references tb_role
Hibernate: 
    alter table if exists tb_user_role 
       add constraint FK7vn3h53d0tqdimm8cp45gc0kl 
       foreign key (user_id) 
       references tb_user
Hibernate: INSERT INTO tb_category (name, created_At) VALUES ('Livros', NOW())
Hibernate: INSERT INTO tb_category (name, created_At) VALUES ('Eletrônicos', NOW())
Hibernate: INSERT INTO tb_category (name, created_At) VALUES ('Computadores', NOW())
Hibernate: INSERT INTO tb_product (name, price, date, description, img_url) VALUES ('The Lord of the Rings', 90.5, TIMESTAMP WITH TIME ZONE '2020-07-13T20:50:07.12345Z', 'Lorem ipsum dolor sit amet, consectetur adipiscing elit, sed do eiusmod tempor incididunt ut labore et dolore magna aliqua. Ut enim ad minim veniam, quis nostrud exercitation ullamco laboris nisi ut aliquip ex ea commodo consequat. Duis aute irure dolor in reprehenderit in voluptate velit esse cillum dolore eu fugiat nulla pariatur. Excepteur sint occaecat cupidatat non proident, sunt in culpa qui officia deserunt mollit anim id est laborum.', 'https://raw.githubusercontent.com/devsuperior/dscatalog-resources/master/backend/img/1-big.jpg')
Hibernate: INSERT INTO tb_product (name, price, date, description, img_url) VALUES ('Smart TV', 2190.0, TIMESTAMP WITH TIME ZONE '2020-07-14T10:00:00Z', 'Lorem ipsum dolor sit amet, consectetur adipiscing elit, sed do eiusmod tempor incididunt ut labore et dolore magna aliqua. Ut enim ad minim veniam, quis nostrud exercitation ullamco laboris nisi ut aliquip ex ea commodo consequat. Duis aute irure dolor in reprehenderit in voluptate velit esse cillum dolore eu fugiat nulla pariatur. Excepteur sint occaecat cupidatat non proident, sunt in culpa qui officia deserunt mollit anim id est laborum.', 'https://raw.githubusercontent.com/devsuperior/dscatalog-resources/master/backend/img/2-big.jpg')
Hibernate: INSERT INTO tb_product (name, price, date, description, img_url) VALUES ('Macbook Pro', 1250.0, TIMESTAMP WITH TIME ZONE '2020-07-14T10:00:00Z', 'Lorem ipsum dolor sit amet, consectetur adipiscing elit, sed do eiusmod tempor incididunt ut labore et dolore magna aliqua. Ut enim ad minim veniam, quis nostrud exercitation ullamco laboris nisi ut aliquip ex ea commodo consequat. Duis aute irure dolor in reprehenderit in voluptate velit esse cillum dolore eu fugiat nulla pariatur. Excepteur sint occaecat cupidatat non proident, sunt in culpa qui officia deserunt mollit anim id est laborum.', 'https://raw.githubusercontent.com/devsuperior/dscatalog-resources/master/backend/img/3-big.jpg')
Hibernate: INSERT INTO tb_product (name, price, date, description, img_url) VALUES ('PC Gamer', 1200.0, TIMESTAMP WITH TIME ZONE '2020-07-14T10:00:00Z', 'Lorem ipsum dolor sit amet, consectetur adipiscing elit, sed do eiusmod tempor incididunt ut labore et dolore magna aliqua. Ut enim ad minim veniam, quis nostrud exercitation ullamco laboris nisi ut aliquip ex ea commodo consequat. Duis aute irure dolor in reprehenderit in voluptate velit esse cillum dolore eu fugiat nulla pariatur. Excepteur sint occaecat cupidatat non proident, sunt in culpa qui officia deserunt mollit anim id est laborum.', 'https://raw.githubusercontent.com/devsuperior/dscatalog-resources/master/backend/img/4-big.jpg')
Hibernate: INSERT INTO tb_product (name, price, date, description, img_url) VALUES ('Rails for Dummies', 100.99, TIMESTAMP WITH TIME ZONE '2020-07-14T10:00:00Z', 'Lorem ipsum dolor sit amet, consectetur adipiscing elit, sed do eiusmod tempor incididunt ut labore et dolore magna aliqua. Ut enim ad minim veniam, quis nostrud exercitation ullamco laboris nisi ut aliquip ex ea commodo consequat. Duis aute irure dolor in reprehenderit in voluptate velit esse cillum dolore eu fugiat nulla pariatur. Excepteur sint occaecat cupidatat non proident, sunt in culpa qui officia deserunt mollit anim id est laborum.', 'https://raw.githubusercontent.com/devsuperior/dscatalog-resources/master/backend/img/5-big.jpg')
Hibernate: INSERT INTO tb_product (name, price, date, description, img_url) VALUES ('PC Gamer Ex', 1350.0, TIMESTAMP WITH TIME ZONE '2020-07-14T10:00:00Z', 'Lorem ipsum dolor sit amet, consectetur adipiscing elit, sed do eiusmod tempor incididunt ut labore et dolore magna aliqua. Ut enim ad minim veniam, quis nostrud exercitation ullamco laboris nisi ut aliquip ex ea commodo consequat. Duis aute irure dolor in reprehenderit in voluptate velit esse cillum dolore eu fugiat nulla pariatur. Excepteur sint occaecat cupidatat non proident, sunt in culpa qui officia deserunt mollit anim id est laborum.', 'https://raw.githubusercontent.com/devsuperior/dscatalog-resources/master/backend/img/6-big.jpg')
Hibernate: INSERT INTO tb_product (name, price, date, description, img_url) VALUES ('PC Gamer X', 1350.0, TIMESTAMP WITH TIME ZONE '2020-07-14T10:00:00Z', 'Lorem ipsum dolor sit amet, consectetur adipiscing elit, sed do eiusmod tempor incididunt ut labore et dolore magna aliqua. Ut enim ad minim veniam, quis nostrud exercitation ullamco laboris nisi ut aliquip ex ea commodo consequat. Duis aute irure dolor in reprehenderit in voluptate velit esse cillum dolore eu fugiat nulla pariatur. Excepteur sint occaecat cupidatat non proident, sunt in culpa qui officia deserunt mollit anim id est laborum.', 'https://raw.githubusercontent.com/devsuperior/dscatalog-resources/master/backend/img/7-big.jpg')
Hibernate: INSERT INTO tb_product (name, price, date, description, img_url) VALUES ('PC Gamer Alfa', 1850.0, TIMESTAMP WITH TIME ZONE '2020-07-14T10:00:00Z', 'Lorem ipsum dolor sit amet, consectetur adipiscing elit, sed do eiusmod tempor incididunt ut labore et dolore magna aliqua. Ut enim ad minim veniam, quis nostrud exercitation ullamco laboris nisi ut aliquip ex ea commodo consequat. Duis aute irure dolor in reprehenderit in voluptate velit esse cillum dolore eu fugiat nulla pariatur. Excepteur sint occaecat cupidatat non proident, sunt in culpa qui officia deserunt mollit anim id est laborum.', 'https://raw.githubusercontent.com/devsuperior/dscatalog-resources/master/backend/img/8-big.jpg')
Hibernate: INSERT INTO tb_product (name, price, date, description, img_url) VALUES ('PC Gamer Tera', 1950.0, TIMESTAMP WITH TIME ZONE '2020-07-14T10:00:00Z', 'Lorem ipsum dolor sit amet, consectetur adipiscing elit, sed do eiusmod tempor incididunt ut labore et dolore magna aliqua. Ut enim ad minim veniam, quis nostrud exercitation ullamco laboris nisi ut aliquip ex ea commodo consequat. Duis aute irure dolor in reprehenderit in voluptate velit esse cillum dolore eu fugiat nulla pariatur. Excepteur sint occaecat cupidatat non proident, sunt in culpa qui officia deserunt mollit anim id est laborum.', 'https://raw.githubusercontent.com/devsuperior/dscatalog-resources/master/backend/img/9-big.jpg')
Hibernate: INSERT INTO tb_product (name, price, date, description, img_url) VALUES ('PC Gamer Y', 1700.0, TIMESTAMP WITH TIME ZONE '2020-07-14T10:00:00Z', 'Lorem ipsum dolor sit amet, consectetur adipiscing elit, sed do eiusmod tempor incididunt ut labore et dolore magna aliqua. Ut enim ad minim veniam, quis nostrud exercitation ullamco laboris nisi ut aliquip ex ea commodo consequat. Duis aute irure dolor in reprehenderit in voluptate velit esse cillum dolore eu fugiat nulla pariatur. Excepteur sint occaecat cupidatat non proident, sunt in culpa qui officia deserunt mollit anim id est laborum.', 'https://raw.githubusercontent.com/devsuperior/dscatalog-resources/master/backend/img/10-big.jpg')
Hibernate: INSERT INTO tb_product (name, price, date, description, img_url) VALUES ('PC Gamer Nitro', 1450.0, TIMESTAMP WITH TIME ZONE '2020-07-14T10:00:00Z', 'Lorem ipsum dolor sit amet, consectetur adipiscing elit, sed do eiusmod tempor incididunt ut labore et dolore magna aliqua. Ut enim ad minim veniam, quis nostrud exercitation ullamco laboris nisi ut aliquip ex ea commodo consequat. Duis aute irure dolor in reprehenderit in voluptate velit esse cillum dolore eu fugiat nulla pariatur. Excepteur sint occaecat cupidatat non proident, sunt in culpa qui officia deserunt mollit anim id est laborum.', 'https://raw.githubusercontent.com/devsuperior/dscatalog-resources/master/backend/img/11-big.jpg')
Hibernate: INSERT INTO tb_product (name, price, date, description, img_url) VALUES ('PC Gamer Card', 1850.0, TIMESTAMP WITH TIME ZONE '2020-07-14T10:00:00Z', 'Lorem ipsum dolor sit amet, consectetur adipiscing elit, sed do eiusmod tempor incididunt ut labore et dolore magna aliqua. Ut enim ad minim veniam, quis nostrud exercitation ullamco laboris nisi ut aliquip ex ea commodo consequat. Duis aute irure dolor in reprehenderit in voluptate velit esse cillum dolore eu fugiat nulla pariatur. Excepteur sint occaecat cupidatat non proident, sunt in culpa qui officia deserunt mollit anim id est laborum.', 'https://raw.githubusercontent.com/devsuperior/dscatalog-resources/master/backend/img/12-big.jpg')
Hibernate: INSERT INTO tb_product (name, price, date, description, img_url) VALUES ('PC Gamer Plus', 1350.0, TIMESTAMP WITH TIME ZONE '2020-07-14T10:00:00Z', 'Lorem ipsum dolor sit amet, consectetur adipiscing elit, sed do eiusmod tempor incididunt ut labore et dolore magna aliqua. Ut enim ad minim veniam, quis nostrud exercitation ullamco laboris nisi ut aliquip ex ea commodo consequat. Duis aute irure dolor in reprehenderit in voluptate velit esse cillum dolore eu fugiat nulla pariatur. Excepteur sint occaecat cupidatat non proident, sunt in culpa qui officia deserunt mollit anim id est laborum.', 'https://raw.githubusercontent.com/devsuperior/dscatalog-resources/master/backend/img/13-big.jpg')
Hibernate: INSERT INTO tb_product (name, price, date, description, img_url) VALUES ('PC Gamer Hera', 2250.0, TIMESTAMP WITH TIME ZONE '2020-07-14T10:00:00Z', 'Lorem ipsum dolor sit amet, consectetur adipiscing elit, sed do eiusmod tempor incididunt ut labore et dolore magna aliqua. Ut enim ad minim veniam, quis nostrud exercitation ullamco laboris nisi ut aliquip ex ea commodo consequat. Duis aute irure dolor in reprehenderit in voluptate velit esse cillum dolore eu fugiat nulla pariatur. Excepteur sint occaecat cupidatat non proident, sunt in culpa qui officia deserunt mollit anim id est laborum.', 'https://raw.githubusercontent.com/devsuperior/dscatalog-resources/master/backend/img/14-big.jpg')
Hibernate: INSERT INTO tb_product (name, price, date, description, img_url) VALUES ('PC Gamer Weed', 2200.0, TIMESTAMP WITH TIME ZONE '2020-07-14T10:00:00Z', 'Lorem ipsum dolor sit amet, consectetur adipiscing elit, sed do eiusmod tempor incididunt ut labore et dolore magna aliqua. Ut enim ad minim veniam, quis nostrud exercitation ullamco laboris nisi ut aliquip ex ea commodo consequat. Duis aute irure dolor in reprehenderit in voluptate velit esse cillum dolore eu fugiat nulla pariatur. Excepteur sint occaecat cupidatat non proident, sunt in culpa qui officia deserunt mollit anim id est laborum.', 'https://raw.githubusercontent.com/devsuperior/dscatalog-resources/master/backend/img/15-big.jpg')
Hibernate: INSERT INTO tb_product (name, price, date, description, img_url) VALUES ('PC Gamer Max', 2340.0, TIMESTAMP WITH TIME ZONE '2020-07-14T10:00:00Z', 'Lorem ipsum dolor sit amet, consectetur adipiscing elit, sed do eiusmod tempor incididunt ut labore et dolore magna aliqua. Ut enim ad minim veniam, quis nostrud exercitation ullamco laboris nisi ut aliquip ex ea commodo consequat. Duis aute irure dolor in reprehenderit in voluptate velit esse cillum dolore eu fugiat nulla pariatur. Excepteur sint occaecat cupidatat non proident, sunt in culpa qui officia deserunt mollit anim id est laborum.', 'https://raw.githubusercontent.com/devsuperior/dscatalog-resources/master/backend/img/16-big.jpg')
Hibernate: INSERT INTO tb_product (name, price, date, description, img_url) VALUES ('PC Gamer Turbo', 1280.0, TIMESTAMP WITH TIME ZONE '2020-07-14T10:00:00Z', 'Lorem ipsum dolor sit amet, consectetur adipiscing elit, sed do eiusmod tempor incididunt ut labore et dolore magna aliqua. Ut enim ad minim veniam, quis nostrud exercitation ullamco laboris nisi ut aliquip ex ea commodo consequat. Duis aute irure dolor in reprehenderit in voluptate velit esse cillum dolore eu fugiat nulla pariatur. Excepteur sint occaecat cupidatat non proident, sunt in culpa qui officia deserunt mollit anim id est laborum.', 'https://raw.githubusercontent.com/devsuperior/dscatalog-resources/master/backend/img/17-big.jpg')
Hibernate: INSERT INTO tb_product (name, price, date, description, img_url) VALUES ('PC Gamer Hot', 1450.0, TIMESTAMP WITH TIME ZONE '2020-07-14T10:00:00Z', 'Lorem ipsum dolor sit amet, consectetur adipiscing elit, sed do eiusmod tempor incididunt ut labore et dolore magna aliqua. Ut enim ad minim veniam, quis nostrud exercitation ullamco laboris nisi ut aliquip ex ea commodo consequat. Duis aute irure dolor in reprehenderit in voluptate velit esse cillum dolore eu fugiat nulla pariatur. Excepteur sint occaecat cupidatat non proident, sunt in culpa qui officia deserunt mollit anim id est laborum.', 'https://raw.githubusercontent.com/devsuperior/dscatalog-resources/master/backend/img/18-big.jpg')
Hibernate: INSERT INTO tb_product (name, price, date, description, img_url) VALUES ('PC Gamer Ez', 1750.0, TIMESTAMP WITH TIME ZONE '2020-07-14T10:00:00Z', 'Lorem ipsum dolor sit amet, consectetur adipiscing elit, sed do eiusmod tempor incididunt ut labore et dolore magna aliqua. Ut enim ad minim veniam, quis nostrud exercitation ullamco laboris nisi ut aliquip ex ea commodo consequat. Duis aute irure dolor in reprehenderit in voluptate velit esse cillum dolore eu fugiat nulla pariatur. Excepteur sint occaecat cupidatat non proident, sunt in culpa qui officia deserunt mollit anim id est laborum.', 'https://raw.githubusercontent.com/devsuperior/dscatalog-resources/master/backend/img/19-big.jpg')
Hibernate: INSERT INTO tb_product (name, price, date, description, img_url) VALUES ('PC Gamer Tr', 1650.0, TIMESTAMP WITH TIME ZONE '2020-07-14T10:00:00Z', 'Lorem ipsum dolor sit amet, consectetur adipiscing elit, sed do eiusmod tempor incididunt ut labore et dolore magna aliqua. Ut enim ad minim veniam, quis nostrud exercitation ullamco laboris nisi ut aliquip ex ea commodo consequat. Duis aute irure dolor in reprehenderit in voluptate velit esse cillum dolore eu fugiat nulla pariatur. Excepteur sint occaecat cupidatat non proident, sunt in culpa qui officia deserunt mollit anim id est laborum.', 'https://raw.githubusercontent.com/devsuperior/dscatalog-resources/master/backend/img/20-big.jpg')
Hibernate: INSERT INTO tb_product (name, price, date, description, img_url) VALUES ('PC Gamer Tx', 1680.0, TIMESTAMP WITH TIME ZONE '2020-07-14T10:00:00Z', 'Lorem ipsum dolor sit amet, consectetur adipiscing elit, sed do eiusmod tempor incididunt ut labore et dolore magna aliqua. Ut enim ad minim veniam, quis nostrud exercitation ullamco laboris nisi ut aliquip ex ea commodo consequat. Duis aute irure dolor in reprehenderit in voluptate velit esse cillum dolore eu fugiat nulla pariatur. Excepteur sint occaecat cupidatat non proident, sunt in culpa qui officia deserunt mollit anim id est laborum.', 'https://raw.githubusercontent.com/devsuperior/dscatalog-resources/master/backend/img/21-big.jpg')
Hibernate: INSERT INTO tb_product (name, price, date, description, img_url) VALUES ('PC Gamer Er', 1850.0, TIMESTAMP WITH TIME ZONE '2020-07-14T10:00:00Z', 'Lorem ipsum dolor sit amet, consectetur adipiscing elit, sed do eiusmod tempor incididunt ut labore et dolore magna aliqua. Ut enim ad minim veniam, quis nostrud exercitation ullamco laboris nisi ut aliquip ex ea commodo consequat. Duis aute irure dolor in reprehenderit in voluptate velit esse cillum dolore eu fugiat nulla pariatur. Excepteur sint occaecat cupidatat non proident, sunt in culpa qui officia deserunt mollit anim id est laborum.', 'https://raw.githubusercontent.com/devsuperior/dscatalog-resources/master/backend/img/22-big.jpg')
Hibernate: INSERT INTO tb_product (name, price, date, description, img_url) VALUES ('PC Gamer Min', 2250.0, TIMESTAMP WITH TIME ZONE '2020-07-14T10:00:00Z', 'Lorem ipsum dolor sit amet, consectetur adipiscing elit, sed do eiusmod tempor incididunt ut labore et dolore magna aliqua. Ut enim ad minim veniam, quis nostrud exercitation ullamco laboris nisi ut aliquip ex ea commodo consequat. Duis aute irure dolor in reprehenderit in voluptate velit esse cillum dolore eu fugiat nulla pariatur. Excepteur sint occaecat cupidatat non proident, sunt in culpa qui officia deserunt mollit anim id est laborum.', 'https://raw.githubusercontent.com/devsuperior/dscatalog-resources/master/backend/img/23-big.jpg')
Hibernate: INSERT INTO tb_product (name, price, date, description, img_url) VALUES ('PC Gamer Boo', 2350.0, TIMESTAMP WITH TIME ZONE '2020-07-14T10:00:00Z', 'Lorem ipsum dolor sit amet, consectetur adipiscing elit, sed do eiusmod tempor incididunt ut labore et dolore magna aliqua. Ut enim ad minim veniam, quis nostrud exercitation ullamco laboris nisi ut aliquip ex ea commodo consequat. Duis aute irure dolor in reprehenderit in voluptate velit esse cillum dolore eu fugiat nulla pariatur. Excepteur sint occaecat cupidatat non proident, sunt in culpa qui officia deserunt mollit anim id est laborum.', 'https://raw.githubusercontent.com/devsuperior/dscatalog-resources/master/backend/img/24-big.jpg')
Hibernate: INSERT INTO tb_product (name, price, date, description, img_url) VALUES ('PC Gamer Foo', 4170.0, TIMESTAMP WITH TIME ZONE '2020-07-14T10:00:00Z', 'Lorem ipsum dolor sit amet, consectetur adipiscing elit, sed do eiusmod tempor incididunt ut labore et dolore magna aliqua. Ut enim ad minim veniam, quis nostrud exercitation ullamco laboris nisi ut aliquip ex ea commodo consequat. Duis aute irure dolor in reprehenderit in voluptate velit esse cillum dolore eu fugiat nulla pariatur. Excepteur sint occaecat cupidatat non proident, sunt in culpa qui officia deserunt mollit anim id est laborum.', 'https://raw.githubusercontent.com/devsuperior/dscatalog-resources/master/backend/img/25-big.jpg')
Hibernate: INSERT INTO tb_product_category (product_id, category_id) VALUES (1, 2)
Hibernate: INSERT INTO tb_product_category (product_id, category_id) VALUES (2, 1)
Hibernate: INSERT INTO tb_product_category (product_id, category_id) VALUES (2, 3)
Hibernate: INSERT INTO tb_product_category (product_id, category_id) VALUES (3, 3)
Hibernate: INSERT INTO tb_product_category (product_id, category_id) VALUES (4, 3)
Hibernate: INSERT INTO tb_product_category (product_id, category_id) VALUES (5, 2)
Hibernate: INSERT INTO tb_product_category (product_id, category_id) VALUES (6, 3)
Hibernate: INSERT INTO tb_product_category (product_id, category_id) VALUES (7, 3)
Hibernate: INSERT INTO tb_product_category (product_id, category_id) VALUES (8, 3)
Hibernate: INSERT INTO tb_product_category (product_id, category_id) VALUES (9, 3)
Hibernate: INSERT INTO tb_product_category (product_id, category_id) VALUES (10, 3)
Hibernate: INSERT INTO tb_product_category (product_id, category_id) VALUES (11, 3)
Hibernate: INSERT INTO tb_product_category (product_id, category_id) VALUES (12, 3)
Hibernate: INSERT INTO tb_product_category (product_id, category_id) VALUES (13, 3)
Hibernate: INSERT INTO tb_product_category (product_id, category_id) VALUES (14, 3)
Hibernate: INSERT INTO tb_product_category (product_id, category_id) VALUES (15, 3)
Hibernate: INSERT INTO tb_product_category (product_id, category_id) VALUES (16, 3)
Hibernate: INSERT INTO tb_product_category (product_id, category_id) VALUES (17, 3)
Hibernate: INSERT INTO tb_product_category (product_id, category_id) VALUES (18, 3)
Hibernate: INSERT INTO tb_product_category (product_id, category_id) VALUES (19, 3)
Hibernate: INSERT INTO tb_product_category (product_id, category_id) VALUES (20, 3)
Hibernate: INSERT INTO tb_product_category (product_id, category_id) VALUES (21, 3)
Hibernate: INSERT INTO tb_product_category (product_id, category_id) VALUES (22, 3)
Hibernate: INSERT INTO tb_product_category (product_id, category_id) VALUES (23, 3)
Hibernate: INSERT INTO tb_product_category (product_id, category_id) VALUES (24, 3)
Hibernate: INSERT INTO tb_product_category (product_id, category_id) VALUES (25, 3)
Hibernate: INSERT INTO tb_user (first_name, last_name, email, password) VALUES ('Alex', 'Brown', 'alex@gmail.com', '$2a$10$eACCYoNOHEqXve8aIWT8Nu3PkMXWBaOxJ9aORUYzfMQCbVBIhZ8tG')
Hibernate: INSERT INTO tb_user (first_name, last_name, email, password) VALUES ('Maria', 'Red', 'maria@gmail.com', '$2a$10$eACCYoNOHEqXve8aIWT8Nu3PkMXWBaOxJ9aORUYzfMQCbVBIhZ8tG')
Hibernate: INSERT INTO tb_user (first_name, last_name, email, password) VALUES ('Vinicius', 'Sironi', 'viniciussironi@gmail.com', '$2a$10$eACCYoNOHEqXve8aIWT8Nu3PkMXWBaOxJ9aORUYzfMQCbVBIhZ8tG')
Hibernate: INSERT INTO tb_role (authority) VALUES ('ROLE_OPERATOR')
Hibernate: INSERT INTO tb_role (authority) VALUES ('ROLE_ADMIN')
Hibernate: INSERT INTO tb_user_role (user_id, role_id) VALUES (1, 1)
Hibernate: INSERT INTO tb_user_role (user_id, role_id) VALUES (2, 1)
Hibernate: INSERT INTO tb_user_role (user_id, role_id) VALUES (2, 2)
Hibernate: INSERT INTO tb_user_role (user_id, role_id) VALUES (3, 1)
Hibernate: INSERT INTO tb_user_role (user_id, role_id) VALUES (3, 2)
2024-02-21T18:33:53.632-03:00  INFO 16460 --- [           main] j.LocalContainerEntityManagerFactoryBean : Initialized JPA EntityManagerFactory for persistence unit 'default'
2024-02-21T18:33:55.463-03:00  INFO 16460 --- [           main] o.s.d.j.r.query.QueryEnhancerFactory     : Hibernate is in classpath; If applicable, HQL parser will be used.
2024-02-21T18:34:03.755-03:00  INFO 16460 --- [           main] o.s.s.web.DefaultSecurityFilterChain     : Will secure org.springframework.security.oauth2.server.authorization.config.annotation.web.configurers.OAuth2AuthorizationServerConfigurer$$Lambda/0x000001faa1a1c030@6f25e533 with [org.springframework.security.web.session.DisableEncodeUrlFilter@24ebe346, org.springframework.security.web.context.request.async.WebAsyncManagerIntegrationFilter@f822b7a, org.springframework.security.web.context.SecurityContextHolderFilter@7d06a0ff, org.springframework.security.oauth2.server.authorization.config.annotation.web.configurers.AuthorizationServerContextFilter@5a58fe0c, org.springframework.security.web.header.HeaderWriterFilter@515846fb, org.springframework.security.web.csrf.CsrfFilter@44e69710, org.springframework.security.web.authentication.logout.LogoutFilter@5810eb0d, org.springframework.security.oauth2.server.authorization.web.OAuth2AuthorizationServerMetadataEndpointFilter@13188cb, org.springframework.security.oauth2.server.authorization.web.OAuth2AuthorizationEndpointFilter@32dfaf36, org.springframework.security.oauth2.server.authorization.web.OAuth2DeviceVerificationEndpointFilter@77954c2b, org.springframework.security.oauth2.server.authorization.web.NimbusJwkSetEndpointFilter@31b10b12, org.springframework.security.oauth2.server.authorization.web.OAuth2ClientAuthenticationFilter@787c7e0e, org.springframework.security.oauth2.server.resource.web.authentication.BearerTokenAuthenticationFilter@14f7e6bf, org.springframework.security.web.savedrequest.RequestCacheAwareFilter@23c0b6b, org.springframework.security.web.servletapi.SecurityContextHolderAwareRequestFilter@7dab2d9e, org.springframework.security.web.authentication.AnonymousAuthenticationFilter@491987b0, org.springframework.security.web.access.ExceptionTranslationFilter@292164ab, org.springframework.security.web.access.intercept.AuthorizationFilter@17e3d817, org.springframework.security.oauth2.server.authorization.web.OAuth2TokenEndpointFilter@77b3d63e, org.springframework.security.oauth2.server.authorization.web.OAuth2TokenIntrospectionEndpointFilter@11c91884, org.springframework.security.oauth2.server.authorization.web.OAuth2TokenRevocationEndpointFilter@795123b3, org.springframework.security.oauth2.server.authorization.web.OAuth2DeviceAuthorizationEndpointFilter@66e1d1a1]
2024-02-21T18:34:04.617-03:00  INFO 16460 --- [           main] o.s.s.web.DefaultSecurityFilterChain     : Will secure org.springframework.boot.autoconfigure.security.servlet.PathRequest$H2ConsoleRequestMatcher@150a9b58 with [org.springframework.security.web.session.DisableEncodeUrlFilter@491cf48c, org.springframework.security.web.context.request.async.WebAsyncManagerIntegrationFilter@74aec5e7, org.springframework.security.web.context.SecurityContextHolderFilter@71995ebb, org.springframework.security.web.header.HeaderWriterFilter@134e3596, org.springframework.security.web.authentication.logout.LogoutFilter@24a3b6ac, org.springframework.security.web.savedrequest.RequestCacheAwareFilter@5639d1, org.springframework.security.web.servletapi.SecurityContextHolderAwareRequestFilter@7d7437d2, org.springframework.security.web.authentication.AnonymousAuthenticationFilter@4d810b08, org.springframework.security.web.access.ExceptionTranslationFilter@71d181c8]
2024-02-21T18:34:04.635-03:00  INFO 16460 --- [           main] o.s.s.web.DefaultSecurityFilterChain     : Will secure any request with [org.springframework.security.web.session.DisableEncodeUrlFilter@3a69d00, org.springframework.security.web.context.request.async.WebAsyncManagerIntegrationFilter@3caa7f4e, org.springframework.security.web.context.SecurityContextHolderFilter@7e72ba8, org.springframework.security.web.header.HeaderWriterFilter@7bcaa04a, org.springframework.web.filter.CorsFilter@4865cc12, org.springframework.security.web.authentication.logout.LogoutFilter@590c6fc2, org.springframework.security.oauth2.server.resource.web.authentication.BearerTokenAuthenticationFilter@7d412f56, org.springframework.security.web.savedrequest.RequestCacheAwareFilter@d66ccae, org.springframework.security.web.servletapi.SecurityContextHolderAwareRequestFilter@496e9377, org.springframework.security.web.authentication.AnonymousAuthenticationFilter@46088378, org.springframework.security.web.access.ExceptionTranslationFilter@399fba77, org.springframework.security.web.access.intercept.AuthorizationFilter@5ffc19fb]
2024-02-21T18:34:05.346-03:00  INFO 16460 --- [           main] o.s.b.a.h2.H2ConsoleAutoConfiguration    : H2 console available at '/h2-console'. Database available at 'jdbc:h2:mem:testdb'
2024-02-21T18:34:05.519-03:00  INFO 16460 --- [           main] c.v.dscatalog.DscatalogApplicationTests  : Started DscatalogApplicationTests in 33.234 seconds (process running for 36.524)
]]></system-out>
    <system-err><![CDATA[WARNING: A Java agent has been loaded dynamically (C:\Users\vinic\.m2\repository\net\bytebuddy\byte-buddy-agent\1.14.10\byte-buddy-agent-1.14.10.jar)
WARNING: If a serviceability tool is in use, please run with -XX:+EnableDynamicAgentLoading to hide this warning
WARNING: If a serviceability tool is not in use, please run with -Djdk.instrument.traceUsage for more information
WARNING: Dynamic loading of agents will be disallowed by default in a future release
]]></system-err>
  </testcase>
</testsuite>